# JRE version: Java(TM) SE Runtime Environment (21.0.6+8) (build 21.0.6+8-LTS-188)
# Java VM: Java HotSpot(TM) 64-Bit Server VM (21.0.6+8-LTS-188, mixed mode, sharing, tiered, compressed oops, compressed class ptrs, g1 gc, windows-amd64)
GC Precious Log:
 CardTable entry size: 512
 Card Set container configuration: InlinePtr #cards 4 size 8 Array Of Cards #cards 32 size 80 Howl #buckets 8 coarsen threshold 7372 Howl Bitmap #cards 1024 size 144 coarsen threshold 921 Card regions per heap region 1 cards per card region 8192
 CPUs: 8 total, 8 available
 Memory: 24459M
 Large Page Support: Disabled
 NUMA Support: Disabled
 Compressed Oops: Enabled (Zero based)
 Heap Region Size: 4M
 Heap Min Capacity: 8M
 Heap Initial Capacity: 384M
 Heap Max Capacity: 6116M
 Pre-touch: Disabled
 Parallel Workers: 8
 Concurrent Workers: 2
 Concurrent Refinement Workers: 8
 Periodic GC: Disabled
Heap:
 garbage-first heap   total 122880K, used 99202K [0x0000000681c00000, 0x0000000800000000)
  region size 4096K, 17 young (69632K), 1 survivors (4096K)
 Metaspace       used 82312K, committed 83136K, reserved 1179648K
  class space    used 10851K, committed 11264K, reserved 1048576K
GC Heap History (20 events):
Event: 8.528 GC heap before
{Heap before GC invocations=13 (full 0):
 garbage-first heap   total 69632K, used 59487K [0x0000000681c00000, 0x0000000800000000)
  region size 4096K, 9 young (36864K), 1 survivors (4096K)
 Metaspace       used 63204K, committed 63872K, reserved 1114112K
  class space    used 8527K, committed 8832K, reserved 1048576K
}
Event: 8.532 GC heap after
{Heap after GC invocations=14 (full 0):
 garbage-first heap   total 69632K, used 29429K [0x0000000681c00000, 0x0000000800000000)
  region size 4096K, 2 young (8192K), 2 survivors (8192K)
 Metaspace       used 63204K, committed 63872K, reserved 1114112K
  class space    used 8527K, committed 8832K, reserved 1048576K
}
Event: 8.712 GC heap before
{Heap before GC invocations=14 (full 0):
 garbage-first heap   total 69632K, used 54005K [0x0000000681c00000, 0x0000000800000000)
  region size 4096K, 8 young (32768K), 2 survivors (8192K)
 Metaspace       used 63220K, committed 63872K, reserved 1114112K
  class space    used 8527K, committed 8832K, reserved 1048576K
}
Event: 8.717 GC heap after
{Heap after GC invocations=15 (full 0):
 garbage-first heap   total 69632K, used 29322K [0x0000000681c00000, 0x0000000800000000)
  region size 4096K, 1 young (4096K), 1 survivors (4096K)
 Metaspace       used 63220K, committed 63872K, reserved 1114112K
  class space    used 8527K, committed 8832K, reserved 1048576K
}
Event: 8.995 GC heap before
{Heap before GC invocations=15 (full 0):
 garbage-first heap   total 69632K, used 57994K [0x0000000681c00000, 0x0000000800000000)
  region size 4096K, 8 young (32768K), 1 survivors (4096K)
 Metaspace       used 65040K, committed 65664K, reserved 1114112K
  class space    used 8904K, committed 9216K, reserved 1048576K
}
Event: 8.998 GC heap after
{Heap after GC invocations=16 (full 0):
 garbage-first heap   total 69632K, used 33311K [0x0000000681c00000, 0x0000000800000000)
  region size 4096K, 1 young (4096K), 1 survivors (4096K)
 Metaspace       used 65040K, committed 65664K, reserved 1114112K
  class space    used 8904K, committed 9216K, reserved 1048576K
}
Event: 9.053 GC heap before
{Heap before GC invocations=16 (full 0):
 garbage-first heap   total 69632K, used 53791K [0x0000000681c00000, 0x0000000800000000)
  region size 4096K, 6 young (24576K), 1 survivors (4096K)
 Metaspace       used 65053K, committed 65728K, reserved 1114112K
  class space    used 8904K, committed 9216K, reserved 1048576K
}
Event: 9.057 GC heap after
{Heap after GC invocations=17 (full 0):
 garbage-first heap   total 233472K, used 34431K [0x0000000681c00000, 0x0000000800000000)
  region size 4096K, 1 young (4096K), 1 survivors (4096K)
 Metaspace       used 65053K, committed 65728K, reserved 1114112K
  class space    used 8904K, committed 9216K, reserved 1048576K
}
Event: 10.118 GC heap before
{Heap before GC invocations=18 (full 0):
 garbage-first heap   total 163840K, used 124543K [0x0000000681c00000, 0x0000000800000000)
  region size 4096K, 24 young (98304K), 1 survivors (4096K)
 Metaspace       used 71153K, committed 71872K, reserved 1114112K
  class space    used 9740K, committed 10048K, reserved 1048576K
}
Event: 10.122 GC heap after
{Heap after GC invocations=19 (full 0):
 garbage-first heap   total 163840K, used 38029K [0x0000000681c00000, 0x0000000800000000)
  region size 4096K, 2 young (8192K), 2 survivors (8192K)
 Metaspace       used 71153K, committed 71872K, reserved 1114112K
  class space    used 9740K, committed 10048K, reserved 1048576K
}
Event: 728.848 GC heap before
{Heap before GC invocations=19 (full 0):
 garbage-first heap   total 163840K, used 103565K [0x0000000681c00000, 0x0000000800000000)
  region size 4096K, 20 young (81920K), 2 survivors (8192K)
 Metaspace       used 78482K, committed 79296K, reserved 1179648K
  class space    used 10705K, committed 11072K, reserved 1048576K
}
Event: 728.930 GC heap after
{Heap after GC invocations=20 (full 1):
 garbage-first heap   total 122880K, used 30612K [0x0000000681c00000, 0x0000000800000000)
  region size 4096K, 0 young (0K), 0 survivors (0K)
 Metaspace       used 78482K, committed 79296K, reserved 1179648K
  class space    used 10705K, committed 11072K, reserved 1048576K
}
Event: 738.338 GC heap before
{Heap before GC invocations=20 (full 1):
 garbage-first heap   total 122880K, used 100244K [0x0000000681c00000, 0x0000000800000000)
  region size 4096K, 18 young (73728K), 0 survivors (0K)
 Metaspace       used 79834K, committed 80640K, reserved 1179648K
  class space    used 10767K, committed 11136K, reserved 1048576K
}
Event: 738.342 GC heap after
{Heap after GC invocations=21 (full 1):
 garbage-first heap   total 122880K, used 37493K [0x0000000681c00000, 0x0000000800000000)
  region size 4096K, 2 young (8192K), 2 survivors (8192K)
 Metaspace       used 79834K, committed 80640K, reserved 1179648K
  class space    used 10767K, committed 11136K, reserved 1048576K
}
Event: 1681.033 GC heap before
{Heap before GC invocations=22 (full 1):
 garbage-first heap   total 122880K, used 98933K [0x0000000681c00000, 0x0000000800000000)
  region size 4096K, 17 young (69632K), 2 survivors (8192K)
 Metaspace       used 81017K, committed 81856K, reserved 1179648K
  class space    used 10822K, committed 11200K, reserved 1048576K
}
Event: 1681.041 GC heap after
{Heap after GC invocations=23 (full 1):
 garbage-first heap   total 122880K, used 37131K [0x0000000681c00000, 0x0000000800000000)
  region size 4096K, 1 young (4096K), 1 survivors (4096K)
 Metaspace       used 81017K, committed 81856K, reserved 1179648K
  class space    used 10822K, committed 11200K, reserved 1048576K
}
Event: 2732.555 GC heap before
{Heap before GC invocations=23 (full 1):
 garbage-first heap   total 122880K, used 98571K [0x0000000681c00000, 0x0000000800000000)
  region size 4096K, 16 young (65536K), 1 survivors (4096K)
 Metaspace       used 81397K, committed 82176K, reserved 1179648K
  class space    used 10827K, committed 11200K, reserved 1048576K
}
Event: 2732.557 GC heap after
{Heap after GC invocations=24 (full 1):
 garbage-first heap   total 122880K, used 37853K [0x0000000681c00000, 0x0000000800000000)
  region size 4096K, 1 young (4096K), 1 survivors (4096K)
 Metaspace       used 81397K, committed 82176K, reserved 1179648K
  class space    used 10827K, committed 11200K, reserved 1048576K
}
Event: 3850.560 GC heap before
{Heap before GC invocations=24 (full 1):
 garbage-first heap   total 122880K, used 103389K [0x0000000681c00000, 0x0000000800000000)
  region size 4096K, 17 young (69632K), 1 survivors (4096K)
 Metaspace       used 82010K, committed 82880K, reserved 1179648K
  class space    used 10838K, committed 11200K, reserved 1048576K
}
Event: 3850.566 GC heap after
{Heap after GC invocations=25 (full 1):
 garbage-first heap   total 122880K, used 37762K [0x0000000681c00000, 0x0000000800000000)
  region size 4096K, 1 young (4096K), 1 survivors (4096K)
 Metaspace       used 82010K, committed 82880K, reserved 1179648K
  class space    used 10838K, committed 11200K, reserved 1048576K
}

