# JRE version: Java(TM) SE Runtime Environment (21.0.6+8) (build 21.0.6+8-LTS-188)
# Java VM: Java HotSpot(TM) 64-Bit Server VM (21.0.6+8-LTS-188, mixed mode, sharing, tiered, compressed oops, compressed class ptrs, g1 gc, windows-amd64)
GC Precious Log:
 CardTable entry size: 512
 Card Set container configuration: InlinePtr #cards 4 size 8 Array Of Cards #cards 32 size 80 Howl #buckets 8 coarsen threshold 7372 Howl Bitmap #cards 1024 size 144 coarsen threshold 921 Card regions per heap region 1 cards per card region 8192
 CPUs: 8 total, 8 available
 Memory: 24459M
 Large Page Support: Disabled
 NUMA Support: Disabled
 Compressed Oops: Enabled (Zero based)
 Heap Region Size: 4M
 Heap Min Capacity: 8M
 Heap Initial Capacity: 384M
 Heap Max Capacity: 6116M
 Pre-touch: Disabled
 Parallel Workers: 8
 Concurrent Workers: 2
 Concurrent Refinement Workers: 8
 Periodic GC: Disabled
Heap:
 garbage-first heap   total 77824K, used 51118K [0x0000000681c00000, 0x0000000800000000)
  region size 4096K, 6 young (24576K), 1 survivors (4096K)
 Metaspace       used 79495K, committed 80384K, reserved 1179648K
  class space    used 10132K, committed 10560K, reserved 1048576K
GC Heap History (20 events):
Event: 867.724 GC heap before
{Heap before GC invocations=30 (full 4):
 garbage-first heap   total 77824K, used 65255K [0x0000000681c00000, 0x0000000800000000)
  region size 4096K, 8 young (32768K), 1 survivors (4096K)
 Metaspace       used 77429K, committed 78336K, reserved 1179648K
  class space    used 10004K, committed 10432K, reserved 1048576K
}
Event: 867.728 GC heap after
{Heap after GC invocations=31 (full 4):
 garbage-first heap   total 77824K, used 38840K [0x0000000681c00000, 0x0000000800000000)
  region size 4096K, 1 young (4096K), 1 survivors (4096K)
 Metaspace       used 77429K, committed 78336K, reserved 1179648K
  class space    used 10004K, committed 10432K, reserved 1048576K
}
Event: 925.379 GC heap before
{Heap before GC invocations=31 (full 4):
 garbage-first heap   total 77824K, used 47032K [0x0000000681c00000, 0x0000000800000000)
  region size 4096K, 4 young (16384K), 1 survivors (4096K)
 Metaspace       used 77455K, committed 78336K, reserved 1179648K
  class space    used 10005K, committed 10432K, reserved 1048576K
}
Event: 925.512 GC heap after
{Heap after GC invocations=32 (full 5):
 garbage-first heap   total 77824K, used 28408K [0x0000000681c00000, 0x0000000800000000)
  region size 4096K, 0 young (0K), 0 survivors (0K)
 Metaspace       used 77417K, committed 78336K, reserved 1179648K
  class space    used 10002K, committed 10432K, reserved 1048576K
}
Event: 925.866 GC heap before
{Heap before GC invocations=32 (full 5):
 garbage-first heap   total 77824K, used 61176K [0x0000000681c00000, 0x0000000800000000)
  region size 4096K, 9 young (36864K), 0 survivors (0K)
 Metaspace       used 77588K, committed 78464K, reserved 1179648K
  class space    used 10018K, committed 10432K, reserved 1048576K
}
Event: 925.869 GC heap after
{Heap after GC invocations=33 (full 5):
 garbage-first heap   total 77824K, used 31949K [0x0000000681c00000, 0x0000000800000000)
  region size 4096K, 1 young (4096K), 1 survivors (4096K)
 Metaspace       used 77588K, committed 78464K, reserved 1179648K
  class space    used 10018K, committed 10432K, reserved 1048576K
}
Event: 926.234 GC heap before
{Heap before GC invocations=34 (full 5):
 garbage-first heap   total 77824K, used 64717K [0x0000000681c00000, 0x0000000800000000)
  region size 4096K, 9 young (36864K), 1 survivors (4096K)
 Metaspace       used 78080K, committed 78976K, reserved 1179648K
  class space    used 10044K, committed 10432K, reserved 1048576K
}
Event: 926.238 GC heap after
{Heap after GC invocations=35 (full 5):
 garbage-first heap   total 77824K, used 34940K [0x0000000681c00000, 0x0000000800000000)
  region size 4096K, 2 young (8192K), 2 survivors (8192K)
 Metaspace       used 78080K, committed 78976K, reserved 1179648K
  class space    used 10044K, committed 10432K, reserved 1048576K
}
Event: 940.927 GC heap before
{Heap before GC invocations=35 (full 5):
 garbage-first heap   total 77824K, used 39036K [0x0000000681c00000, 0x0000000800000000)
  region size 4096K, 4 young (16384K), 2 survivors (8192K)
 Metaspace       used 78135K, committed 78976K, reserved 1179648K
  class space    used 10044K, committed 10432K, reserved 1048576K
}
Event: 941.022 GC heap after
{Heap after GC invocations=36 (full 6):
 garbage-first heap   total 77824K, used 28748K [0x0000000681c00000, 0x0000000800000000)
  region size 4096K, 0 young (0K), 0 survivors (0K)
 Metaspace       used 78116K, committed 78976K, reserved 1179648K
  class space    used 10043K, committed 10432K, reserved 1048576K
}
Event: 941.390 GC heap before
{Heap before GC invocations=36 (full 6):
 garbage-first heap   total 77824K, used 57420K [0x0000000681c00000, 0x0000000800000000)
  region size 4096K, 8 young (32768K), 0 survivors (0K)
 Metaspace       used 78283K, committed 79168K, reserved 1179648K
  class space    used 10058K, committed 10432K, reserved 1048576K
}
Event: 941.393 GC heap after
{Heap after GC invocations=37 (full 6):
 garbage-first heap   total 77824K, used 32558K [0x0000000681c00000, 0x0000000800000000)
  region size 4096K, 1 young (4096K), 1 survivors (4096K)
 Metaspace       used 78283K, committed 79168K, reserved 1179648K
  class space    used 10058K, committed 10432K, reserved 1048576K
}
Event: 941.893 GC heap before
{Heap before GC invocations=38 (full 6):
 garbage-first heap   total 77824K, used 57134K [0x0000000681c00000, 0x0000000800000000)
  region size 4096K, 8 young (32768K), 1 survivors (4096K)
 Metaspace       used 78683K, committed 79616K, reserved 1179648K
  class space    used 10080K, committed 10496K, reserved 1048576K
}
Event: 941.896 GC heap after
{Heap after GC invocations=39 (full 6):
 garbage-first heap   total 77824K, used 34409K [0x0000000681c00000, 0x0000000800000000)
  region size 4096K, 1 young (4096K), 1 survivors (4096K)
 Metaspace       used 78683K, committed 79616K, reserved 1179648K
  class space    used 10080K, committed 10496K, reserved 1048576K
}
Event: 957.731 GC heap before
{Heap before GC invocations=39 (full 6):
 garbage-first heap   total 77824K, used 46697K [0x0000000681c00000, 0x0000000800000000)
  region size 4096K, 5 young (20480K), 1 survivors (4096K)
 Metaspace       used 78734K, committed 79680K, reserved 1179648K
  class space    used 10083K, committed 10496K, reserved 1048576K
}
Event: 957.830 GC heap after
{Heap after GC invocations=40 (full 7):
 garbage-first heap   total 77824K, used 29073K [0x0000000681c00000, 0x0000000800000000)
  region size 4096K, 0 young (0K), 0 survivors (0K)
 Metaspace       used 78715K, committed 79680K, reserved 1179648K
  class space    used 10081K, committed 10496K, reserved 1048576K
}
Event: 958.270 GC heap before
{Heap before GC invocations=40 (full 7):
 garbage-first heap   total 77824K, used 61841K [0x0000000681c00000, 0x0000000800000000)
  region size 4096K, 8 young (32768K), 0 survivors (0K)
 Metaspace       used 78870K, committed 79744K, reserved 1179648K
  class space    used 10096K, committed 10496K, reserved 1048576K
}
Event: 958.273 GC heap after
{Heap after GC invocations=41 (full 7):
 garbage-first heap   total 77824K, used 32415K [0x0000000681c00000, 0x0000000800000000)
  region size 4096K, 1 young (4096K), 1 survivors (4096K)
 Metaspace       used 78870K, committed 79744K, reserved 1179648K
  class space    used 10096K, committed 10496K, reserved 1048576K
}
Event: 958.636 GC heap before
{Heap before GC invocations=42 (full 7):
 garbage-first heap   total 77824K, used 61087K [0x0000000681c00000, 0x0000000800000000)
  region size 4096K, 8 young (32768K), 1 survivors (4096K)
 Metaspace       used 79246K, committed 80128K, reserved 1179648K
  class space    used 10118K, committed 10496K, reserved 1048576K
}
Event: 958.640 GC heap after
{Heap after GC invocations=43 (full 7):
 garbage-first heap   total 77824K, used 34734K [0x0000000681c00000, 0x0000000800000000)
  region size 4096K, 1 young (4096K), 1 survivors (4096K)
 Metaspace       used 79246K, committed 80128K, reserved 1179648K
  class space    used 10118K, committed 10496K, reserved 1048576K
}

